  windows.cpp
C:\Users\danik\source\repos\my_game_s187740\my_game_s187740\windows.cpp(37,94): warning C4244: 'argument': conversion from 'const T' to 'sf::Uint8', possible loss of data
          with
          [
              T=float
          ]
C:\Users\danik\source\repos\my_game_s187740\my_game_s187740\windows.cpp(37,72): warning C4244: 'argument': conversion from 'const T' to 'sf::Uint8', possible loss of data
          with
          [
              T=float
          ]
C:\Users\danik\source\repos\my_game_s187740\my_game_s187740\windows.cpp(37,50): warning C4244: 'argument': conversion from 'const T' to 'sf::Uint8', possible loss of data
          with
          [
              T=float
          ]
C:\Users\danik\source\repos\my_game_s187740\my_game_s187740\windows.cpp(46,72): warning C4244: 'argument': conversion from 'const T' to 'sf::Uint8', possible loss of data
          with
          [
              T=float
          ]
C:\Users\danik\source\repos\my_game_s187740\my_game_s187740\windows.cpp(46,57): warning C4244: 'argument': conversion from 'const T' to 'sf::Uint8', possible loss of data
          with
          [
              T=float
          ]
C:\Users\danik\source\repos\my_game_s187740\my_game_s187740\windows.cpp(46,42): warning C4244: 'argument': conversion from 'const T' to 'sf::Uint8', possible loss of data
          with
          [
              T=float
          ]
C:\Users\danik\source\repos\my_game_s187740\my_game_s187740\windows.cpp(107,75): warning C4244: 'argument': conversion from 'T' to 'sf::Uint8', possible loss of data
          with
          [
              T=float
          ]
C:\Users\danik\source\repos\my_game_s187740\my_game_s187740\windows.cpp(107,60): warning C4244: 'argument': conversion from 'T' to 'sf::Uint8', possible loss of data
          with
          [
              T=float
          ]
C:\Users\danik\source\repos\my_game_s187740\my_game_s187740\windows.cpp(107,45): warning C4244: 'argument': conversion from 'T' to 'sf::Uint8', possible loss of data
          with
          [
              T=float
          ]
C:\Users\danik\source\repos\my_game_s187740\my_game_s187740\windows.cpp(157,55): warning C4244: 'argument': conversion from 'T' to 'sf::Uint8', possible loss of data
          with
          [
              T=float
          ]
C:\Users\danik\source\repos\my_game_s187740\my_game_s187740\windows.cpp(157,46): warning C4244: 'argument': conversion from 'T' to 'sf::Uint8', possible loss of data
          with
          [
              T=float
          ]
C:\Users\danik\source\repos\my_game_s187740\my_game_s187740\windows.cpp(157,37): warning C4244: 'argument': conversion from 'T' to 'sf::Uint8', possible loss of data
          with
          [
              T=float
          ]
C:\Users\danik\source\repos\my_game_s187740\my_game_s187740\windows.cpp(174,64): warning C4244: 'return': conversion from 'T' to 'int', possible loss of data
          with
          [
              T=float
          ]
C:\Users\danik\source\repos\my_game_s187740\my_game_s187740\windows.cpp(175,99): warning C4244: 'return': conversion from 'double' to 'float', possible loss of data
C:\Users\danik\source\repos\my_game_s187740\my_game_s187740\windows.cpp(184,5): warning C4244: 'argument': conversion from 'double' to 'T', possible loss of data
          with
          [
              T=float
          ]
C:\Users\danik\source\repos\my_game_s187740\my_game_s187740\windows.cpp(268,22): warning C4305: '+=': truncation from 'double' to 'float'
C:\Users\danik\source\repos\my_game_s187740\my_game_s187740\windows.cpp(334,76): warning C4244: 'argument': conversion from 'const T' to 'sf::Uint8', possible loss of data
          with
          [
              T=float
          ]
C:\Users\danik\source\repos\my_game_s187740\my_game_s187740\windows.cpp(334,60): warning C4244: 'argument': conversion from 'const T' to 'sf::Uint8', possible loss of data
          with
          [
              T=float
          ]
C:\Users\danik\source\repos\my_game_s187740\my_game_s187740\windows.cpp(334,44): warning C4244: 'argument': conversion from 'const T' to 'sf::Uint8', possible loss of data
          with
          [
              T=float
          ]
C:\Users\danik\source\repos\my_game_s187740\my_game_s187740\windows.cpp(344,64): warning C4244: 'argument': conversion from 'double' to 'T', possible loss of data
          with
          [
              T=float
          ]
C:\Users\danik\source\repos\my_game_s187740\my_game_s187740\windows.cpp(346,73): warning C4244: 'argument': conversion from 'T' to 'sf::Uint8', possible loss of data
          with
          [
              T=float
          ]
C:\Users\danik\source\repos\my_game_s187740\my_game_s187740\windows.cpp(346,58): warning C4244: 'argument': conversion from 'T' to 'sf::Uint8', possible loss of data
          with
          [
              T=float
          ]
C:\Users\danik\source\repos\my_game_s187740\my_game_s187740\windows.cpp(346,43): warning C4244: 'argument': conversion from 'T' to 'sf::Uint8', possible loss of data
          with
          [
              T=float
          ]
C:\Users\danik\source\repos\my_game_s187740\my_game_s187740\windows.cpp(348,25): warning C4244: 'argument': conversion from 'double' to 'float', possible loss of data
C:\Users\danik\source\repos\my_game_s187740\my_game_s187740\windows.cpp(349,97): warning C4244: 'argument': conversion from 'double' to 'T', possible loss of data
          with
          [
              T=float
          ]
C:\Users\danik\source\repos\my_game_s187740\my_game_s187740\windows.cpp(352,95): warning C4244: 'argument': conversion from 'double' to 'T', possible loss of data
          with
          [
              T=float
          ]
C:\Users\danik\source\repos\my_game_s187740\my_game_s187740\windows.cpp(358,70): warning C4244: 'argument': conversion from 'double' to 'float', possible loss of data
  Generating code
  2 of 439 functions ( 0.5%) were compiled, the rest were copied from previous compilation.
    0 functions were new in current compilation
    1 functions had inline decision re-evaluated but remain unchanged
  Finished generating code
  my_game_s187740.vcxproj -> C:\Users\danik\source\repos\my_game_s187740\x64\Release\my_game_s187740.exe
